执行日期：2015-07-10-15：11：15
【接收到的notify通知】:
<xml><appid><![CDATA[wx8673a1a183f6b3a6]]></appid>
<bank_type><![CDATA[CFT]]></bank_type>
<cash_fee><![CDATA[1]]></cash_fee>
<fee_type><![CDATA[CNY]]></fee_type>
<is_subscribe><![CDATA[Y]]></is_subscribe>
<mch_id><![CDATA[1243759102]]></mch_id>
<nonce_str><![CDATA[p8kak2h5526786qohennm0vxbkry7mmo]]></nonce_str>
<openid><![CDATA[otCX2s8TDkovmQl0GUIwdESafq60]]></openid>
<out_trade_no><![CDATA[20150710031054]]></out_trade_no>
<result_code><![CDATA[SUCCESS]]></result_code>
<return_code><![CDATA[SUCCESS]]></return_code>
<sign><![CDATA[9A73606EDEECF0630392C550B08ABD72]]></sign>
<time_end><![CDATA[20150710151115]]></time_end>
<total_fee>1</total_fee>
<trade_type><![CDATA[JSAPI]]></trade_type>
<transaction_id><![CDATA[1008850192201507100380664873]]></transaction_id>
</xml>


执行日期：2015-07-10-15：11：15
【支付成功】:
<xml><appid><![CDATA[wx8673a1a183f6b3a6]]></appid>
<bank_type><![CDATA[CFT]]></bank_type>
<cash_fee><![CDATA[1]]></cash_fee>
<fee_type><![CDATA[CNY]]></fee_type>
<is_subscribe><![CDATA[Y]]></is_subscribe>
<mch_id><![CDATA[1243759102]]></mch_id>
<nonce_str><![CDATA[p8kak2h5526786qohennm0vxbkry7mmo]]></nonce_str>
<openid><![CDATA[otCX2s8TDkovmQl0GUIwdESafq60]]></openid>
<out_trade_no><![CDATA[20150710031054]]></out_trade_no>
<result_code><![CDATA[SUCCESS]]></result_code>
<return_code><![CDATA[SUCCESS]]></return_code>
<sign><![CDATA[9A73606EDEECF0630392C550B08ABD72]]></sign>
<time_end><![CDATA[20150710151115]]></time_end>
<total_fee>1</total_fee>
<trade_type><![CDATA[JSAPI]]></trade_type>
<transaction_id><![CDATA[1008850192201507100380664873]]></transaction_id>
</xml>


执行日期：2015-07-10-15：11：15
【支付成功】:支付成功啦啦啦！


执行日期：2015-07-10-15：13：27
【接收到的notify通知】:
<xml><appid><![CDATA[wx8673a1a183f6b3a6]]></appid>
<bank_type><![CDATA[CFT]]></bank_type>
<cash_fee><![CDATA[1]]></cash_fee>
<fee_type><![CDATA[CNY]]></fee_type>
<is_subscribe><![CDATA[Y]]></is_subscribe>
<mch_id><![CDATA[1243759102]]></mch_id>
<nonce_str><![CDATA[jg5eksc9nmapqtywv0xgs5su56bx0s31]]></nonce_str>
<openid><![CDATA[otCX2s8TDkovmQl0GUIwdESafq60]]></openid>
<out_trade_no><![CDATA[20150710031307]]></out_trade_no>
<result_code><![CDATA[SUCCESS]]></result_code>
<return_code><![CDATA[SUCCESS]]></return_code>
<sign><![CDATA[56BEFE5B4288476E2AB1F3DE597D1E76]]></sign>
<time_end><![CDATA[20150710151326]]></time_end>
<total_fee>1</total_fee>
<trade_type><![CDATA[JSAPI]]></trade_type>
<transaction_id><![CDATA[1008850192201507100380675709]]></transaction_id>
</xml>


执行日期：2015-07-10-15：13：27
【支付成功】:
<xml><appid><![CDATA[wx8673a1a183f6b3a6]]></appid>
<bank_type><![CDATA[CFT]]></bank_type>
<cash_fee><![CDATA[1]]></cash_fee>
<fee_type><![CDATA[CNY]]></fee_type>
<is_subscribe><![CDATA[Y]]></is_subscribe>
<mch_id><![CDATA[1243759102]]></mch_id>
<nonce_str><![CDATA[jg5eksc9nmapqtywv0xgs5su56bx0s31]]></nonce_str>
<openid><![CDATA[otCX2s8TDkovmQl0GUIwdESafq60]]></openid>
<out_trade_no><![CDATA[20150710031307]]></out_trade_no>
<result_code><![CDATA[SUCCESS]]></result_code>
<return_code><![CDATA[SUCCESS]]></return_code>
<sign><![CDATA[56BEFE5B4288476E2AB1F3DE597D1E76]]></sign>
<time_end><![CDATA[20150710151326]]></time_end>
<total_fee>1</total_fee>
<trade_type><![CDATA[JSAPI]]></trade_type>
<transaction_id><![CDATA[1008850192201507100380675709]]></transaction_id>
</xml>


执行日期：2015-07-10-15：13：27
【支付成功】:支付成功啦啦啦！


执行日期：2015-07-10-15：15：48
【接收到的notify通知】:
<xml><appid><![CDATA[wx8673a1a183f6b3a6]]></appid>
<bank_type><![CDATA[CFT]]></bank_type>
<cash_fee><![CDATA[1]]></cash_fee>
<fee_type><![CDATA[CNY]]></fee_type>
<is_subscribe><![CDATA[Y]]></is_subscribe>
<mch_id><![CDATA[1243759102]]></mch_id>
<nonce_str><![CDATA[6fxmlh3sfb6h33rznvhtj9lns60anw4t]]></nonce_str>
<openid><![CDATA[otCX2s8TDkovmQl0GUIwdESafq60]]></openid>
<out_trade_no><![CDATA[20150710031530]]></out_trade_no>
<result_code><![CDATA[SUCCESS]]></result_code>
<return_code><![CDATA[SUCCESS]]></return_code>
<sign><![CDATA[BA9A57E3B157AC100EA70E4C774945A0]]></sign>
<time_end><![CDATA[20150710151547]]></time_end>
<total_fee>1</total_fee>
<trade_type><![CDATA[JSAPI]]></trade_type>
<transaction_id><![CDATA[1008850192201507100380690944]]></transaction_id>
</xml>


执行日期：2015-07-10-15：15：48
【支付成功】:
<xml><appid><![CDATA[wx8673a1a183f6b3a6]]></appid>
<bank_type><![CDATA[CFT]]></bank_type>
<cash_fee><![CDATA[1]]></cash_fee>
<fee_type><![CDATA[CNY]]></fee_type>
<is_subscribe><![CDATA[Y]]></is_subscribe>
<mch_id><![CDATA[1243759102]]></mch_id>
<nonce_str><![CDATA[6fxmlh3sfb6h33rznvhtj9lns60anw4t]]></nonce_str>
<openid><![CDATA[otCX2s8TDkovmQl0GUIwdESafq60]]></openid>
<out_trade_no><![CDATA[20150710031530]]></out_trade_no>
<result_code><![CDATA[SUCCESS]]></result_code>
<return_code><![CDATA[SUCCESS]]></return_code>
<sign><![CDATA[BA9A57E3B157AC100EA70E4C774945A0]]></sign>
<time_end><![CDATA[20150710151547]]></time_end>
<total_fee>1</total_fee>
<trade_type><![CDATA[JSAPI]]></trade_type>
<transaction_id><![CDATA[1008850192201507100380690944]]></transaction_id>
</xml>


执行日期：2015-07-10-15：15：48
【支付成功】:支付成功啦啦啦！


执行日期：2015-07-10-15：28：53
【接收到的notify通知】:
<xml><appid><![CDATA[wx8673a1a183f6b3a6]]></appid>
<bank_type><![CDATA[CFT]]></bank_type>
<cash_fee><![CDATA[1]]></cash_fee>
<fee_type><![CDATA[CNY]]></fee_type>
<is_subscribe><![CDATA[Y]]></is_subscribe>
<mch_id><![CDATA[1243759102]]></mch_id>
<nonce_str><![CDATA[c2502we4p39aknort0y0pix3z236x3sc]]></nonce_str>
<openid><![CDATA[otCX2s-aoRfvV3vXUlIw9k07lsfc]]></openid>
<out_trade_no><![CDATA[20150710032825]]></out_trade_no>
<result_code><![CDATA[SUCCESS]]></result_code>
<return_code><![CDATA[SUCCESS]]></return_code>
<sign><![CDATA[DBFAA44B7C077C8F91408A4F7BAC211E]]></sign>
<time_end><![CDATA[20150710152852]]></time_end>
<total_fee>1</total_fee>
<trade_type><![CDATA[JSAPI]]></trade_type>
<transaction_id><![CDATA[1002480192201507100380777057]]></transaction_id>
</xml>


执行日期：2015-07-10-15：28：53
【支付成功】:
<xml><appid><![CDATA[wx8673a1a183f6b3a6]]></appid>
<bank_type><![CDATA[CFT]]></bank_type>
<cash_fee><![CDATA[1]]></cash_fee>
<fee_type><![CDATA[CNY]]></fee_type>
<is_subscribe><![CDATA[Y]]></is_subscribe>
<mch_id><![CDATA[1243759102]]></mch_id>
<nonce_str><![CDATA[c2502we4p39aknort0y0pix3z236x3sc]]></nonce_str>
<openid><![CDATA[otCX2s-aoRfvV3vXUlIw9k07lsfc]]></openid>
<out_trade_no><![CDATA[20150710032825]]></out_trade_no>
<result_code><![CDATA[SUCCESS]]></result_code>
<return_code><![CDATA[SUCCESS]]></return_code>
<sign><![CDATA[DBFAA44B7C077C8F91408A4F7BAC211E]]></sign>
<time_end><![CDATA[20150710152852]]></time_end>
<total_fee>1</total_fee>
<trade_type><![CDATA[JSAPI]]></trade_type>
<transaction_id><![CDATA[1002480192201507100380777057]]></transaction_id>
</xml>


执行日期：2015-07-10-15：28：53
【支付成功】:支付成功啦啦啦！


执行日期：2015-07-10-15：35：11
【接收到的notify通知】:
<xml><appid><![CDATA[wx8673a1a183f6b3a6]]></appid>
<bank_type><![CDATA[CMB_DEBIT]]></bank_type>
<cash_fee><![CDATA[1]]></cash_fee>
<fee_type><![CDATA[CNY]]></fee_type>
<is_subscribe><![CDATA[Y]]></is_subscribe>
<mch_id><![CDATA[1243759102]]></mch_id>
<nonce_str><![CDATA[3qbmidt95jh92qf3o6xyyzjntipgrre4]]></nonce_str>
<openid><![CDATA[otCX2s9_yHdiXP3fEWUyoEeGYwEQ]]></openid>
<out_trade_no><![CDATA[20150710033443]]></out_trade_no>
<result_code><![CDATA[SUCCESS]]></result_code>
<return_code><![CDATA[SUCCESS]]></return_code>
<sign><![CDATA[17AA951D9303BC63628ABA8EFD60E6BD]]></sign>
<time_end><![CDATA[20150710153510]]></time_end>
<total_fee>1</total_fee>
<trade_type><![CDATA[JSAPI]]></trade_type>
<transaction_id><![CDATA[1009270192201507100380811898]]></transaction_id>
</xml>


执行日期：2015-07-10-15：35：11
【支付成功】:
<xml><appid><![CDATA[wx8673a1a183f6b3a6]]></appid>
<bank_type><![CDATA[CMB_DEBIT]]></bank_type>
<cash_fee><![CDATA[1]]></cash_fee>
<fee_type><![CDATA[CNY]]></fee_type>
<is_subscribe><![CDATA[Y]]></is_subscribe>
<mch_id><![CDATA[1243759102]]></mch_id>
<nonce_str><![CDATA[3qbmidt95jh92qf3o6xyyzjntipgrre4]]></nonce_str>
<openid><![CDATA[otCX2s9_yHdiXP3fEWUyoEeGYwEQ]]></openid>
<out_trade_no><![CDATA[20150710033443]]></out_trade_no>
<result_code><![CDATA[SUCCESS]]></result_code>
<return_code><![CDATA[SUCCESS]]></return_code>
<sign><![CDATA[17AA951D9303BC63628ABA8EFD60E6BD]]></sign>
<time_end><![CDATA[20150710153510]]></time_end>
<total_fee>1</total_fee>
<trade_type><![CDATA[JSAPI]]></trade_type>
<transaction_id><![CDATA[1009270192201507100380811898]]></transaction_id>
</xml>


执行日期：2015-07-10-15：35：11
【支付成功】:支付成功啦啦啦！


执行日期：2015-07-10-15：37：57
【接收到的notify通知】:
<xml><appid><![CDATA[wx8673a1a183f6b3a6]]></appid>
<bank_type><![CDATA[ICBC_DEBIT]]></bank_type>
<cash_fee><![CDATA[1]]></cash_fee>
<fee_type><![CDATA[CNY]]></fee_type>
<is_subscribe><![CDATA[Y]]></is_subscribe>
<mch_id><![CDATA[1243759102]]></mch_id>
<nonce_str><![CDATA[svw9ijmmfyunenqzkqjq5xoa0x5en9gz]]></nonce_str>
<openid><![CDATA[otCX2s3DKSSkI6dUIU6rg-6KIy4c]]></openid>
<out_trade_no><![CDATA[20150710033724]]></out_trade_no>
<result_code><![CDATA[SUCCESS]]></result_code>
<return_code><![CDATA[SUCCESS]]></return_code>
<sign><![CDATA[5D9CDC1BF03847F22CFB3D3C3C8BE22B]]></sign>
<time_end><![CDATA[20150710153756]]></time_end>
<total_fee>1</total_fee>
<trade_type><![CDATA[JSAPI]]></trade_type>
<transaction_id><![CDATA[1003940192201507100380820577]]></transaction_id>
</xml>


执行日期：2015-07-10-15：37：57
【支付成功】:
<xml><appid><![CDATA[wx8673a1a183f6b3a6]]></appid>
<bank_type><![CDATA[ICBC_DEBIT]]></bank_type>
<cash_fee><![CDATA[1]]></cash_fee>
<fee_type><![CDATA[CNY]]></fee_type>
<is_subscribe><![CDATA[Y]]></is_subscribe>
<mch_id><![CDATA[1243759102]]></mch_id>
<nonce_str><![CDATA[svw9ijmmfyunenqzkqjq5xoa0x5en9gz]]></nonce_str>
<openid><![CDATA[otCX2s3DKSSkI6dUIU6rg-6KIy4c]]></openid>
<out_trade_no><![CDATA[20150710033724]]></out_trade_no>
<result_code><![CDATA[SUCCESS]]></result_code>
<return_code><![CDATA[SUCCESS]]></return_code>
<sign><![CDATA[5D9CDC1BF03847F22CFB3D3C3C8BE22B]]></sign>
<time_end><![CDATA[20150710153756]]></time_end>
<total_fee>1</total_fee>
<trade_type><![CDATA[JSAPI]]></trade_type>
<transaction_id><![CDATA[1003940192201507100380820577]]></transaction_id>
</xml>


执行日期：2015-07-10-15：37：57
【支付成功】:支付成功啦啦啦！


执行日期：2015-07-11-09：38：27
【接收到的notify通知】:
<xml><appid><![CDATA[wx8673a1a183f6b3a6]]></appid>
<bank_type><![CDATA[CFT]]></bank_type>
<cash_fee><![CDATA[198]]></cash_fee>
<fee_type><![CDATA[CNY]]></fee_type>
<is_subscribe><![CDATA[Y]]></is_subscribe>
<mch_id><![CDATA[1243759102]]></mch_id>
<nonce_str><![CDATA[gypj90w3b2oiefk74kr1bo4hery16u1k]]></nonce_str>
<openid><![CDATA[otCX2s8TDkovmQl0GUIwdESafq60]]></openid>
<out_trade_no><![CDATA[20150711093806]]></out_trade_no>
<result_code><![CDATA[SUCCESS]]></result_code>
<return_code><![CDATA[SUCCESS]]></return_code>
<sign><![CDATA[3E2D8806B4BD302BF05AEB7D163F1128]]></sign>
<time_end><![CDATA[20150711093827]]></time_end>
<total_fee>198</total_fee>
<trade_type><![CDATA[JSAPI]]></trade_type>
<transaction_id><![CDATA[1008850192201507110384577557]]></transaction_id>
</xml>


执行日期：2015-07-11-09：38：27
【支付成功】:
<xml><appid><![CDATA[wx8673a1a183f6b3a6]]></appid>
<bank_type><![CDATA[CFT]]></bank_type>
<cash_fee><![CDATA[198]]></cash_fee>
<fee_type><![CDATA[CNY]]></fee_type>
<is_subscribe><![CDATA[Y]]></is_subscribe>
<mch_id><![CDATA[1243759102]]></mch_id>
<nonce_str><![CDATA[gypj90w3b2oiefk74kr1bo4hery16u1k]]></nonce_str>
<openid><![CDATA[otCX2s8TDkovmQl0GUIwdESafq60]]></openid>
<out_trade_no><![CDATA[20150711093806]]></out_trade_no>
<result_code><![CDATA[SUCCESS]]></result_code>
<return_code><![CDATA[SUCCESS]]></return_code>
<sign><![CDATA[3E2D8806B4BD302BF05AEB7D163F1128]]></sign>
<time_end><![CDATA[20150711093827]]></time_end>
<total_fee>198</total_fee>
<trade_type><![CDATA[JSAPI]]></trade_type>
<transaction_id><![CDATA[1008850192201507110384577557]]></transaction_id>
</xml>


执行日期：2015-07-11-09：38：27
【支付成功】:支付成功啦啦啦！


执行日期：2015-08-22-12：50：55
【接收到的notify通知】:
<xml><appid><![CDATA[wx8673a1a183f6b3a6]]></appid>
<bank_type><![CDATA[CITIC_CREDIT]]></bank_type>
<cash_fee><![CDATA[38200]]></cash_fee>
<fee_type><![CDATA[CNY]]></fee_type>
<is_subscribe><![CDATA[Y]]></is_subscribe>
<mch_id><![CDATA[1243759102]]></mch_id>
<nonce_str><![CDATA[mw0vm000smvg1ncicits6c7bp65jqqho]]></nonce_str>
<openid><![CDATA[otCX2swVnbra_fjmLZTFnOMocLJA]]></openid>
<out_trade_no><![CDATA[20150822125012]]></out_trade_no>
<result_code><![CDATA[SUCCESS]]></result_code>
<return_code><![CDATA[SUCCESS]]></return_code>
<sign><![CDATA[46D6B314A7293598525B4766736EC3E5]]></sign>
<time_end><![CDATA[20150822125054]]></time_end>
<total_fee>38200</total_fee>
<trade_type><![CDATA[JSAPI]]></trade_type>
<transaction_id><![CDATA[1003770192201508220680562043]]></transaction_id>
</xml>


执行日期：2015-08-22-12：50：55
【支付成功】:
<xml><appid><![CDATA[wx8673a1a183f6b3a6]]></appid>
<bank_type><![CDATA[CITIC_CREDIT]]></bank_type>
<cash_fee><![CDATA[38200]]></cash_fee>
<fee_type><![CDATA[CNY]]></fee_type>
<is_subscribe><![CDATA[Y]]></is_subscribe>
<mch_id><![CDATA[1243759102]]></mch_id>
<nonce_str><![CDATA[mw0vm000smvg1ncicits6c7bp65jqqho]]></nonce_str>
<openid><![CDATA[otCX2swVnbra_fjmLZTFnOMocLJA]]></openid>
<out_trade_no><![CDATA[20150822125012]]></out_trade_no>
<result_code><![CDATA[SUCCESS]]></result_code>
<return_code><![CDATA[SUCCESS]]></return_code>
<sign><![CDATA[46D6B314A7293598525B4766736EC3E5]]></sign>
<time_end><![CDATA[20150822125054]]></time_end>
<total_fee>38200</total_fee>
<trade_type><![CDATA[JSAPI]]></trade_type>
<transaction_id><![CDATA[1003770192201508220680562043]]></transaction_id>
</xml>


执行日期：2015-08-22-12：50：55
【支付成功】:支付成功啦啦啦！


执行日期：2015-08-23-10：00：42
【接收到的notify通知】:



执行日期：2015-09-30-10：18：49
【接收到的notify通知】:



执行日期：2015-10-07-10：06：14
【接收到的notify通知】:



执行日期：2015-10-08-02：38：12
【接收到的notify通知】:



执行日期：2015-10-08-12：26：56
【接收到的notify通知】:



执行日期：2015-10-09-02：38：40
【接收到的notify通知】:



执行日期：2015-12-14-10：36：46
【接收到的notify通知】:
<xml><appid><![CDATA[wx8673a1a183f6b3a6]]></appid>
<bank_type><![CDATA[CFT]]></bank_type>
<cash_fee><![CDATA[100]]></cash_fee>
<fee_type><![CDATA[CNY]]></fee_type>
<is_subscribe><![CDATA[Y]]></is_subscribe>
<mch_id><![CDATA[1243759102]]></mch_id>
<nonce_str><![CDATA[b0j688jecf1ep5nj5ndclk0aofvm4b3p]]></nonce_str>
<openid><![CDATA[otCX2s1rwDKzDJHEFiZcNeuKAcoo]]></openid>
<out_trade_no><![CDATA[20151214103606]]></out_trade_no>
<result_code><![CDATA[SUCCESS]]></result_code>
<return_code><![CDATA[SUCCESS]]></return_code>
<sign><![CDATA[352038B6664BC6C37B1B3B9F1C3C9F74]]></sign>
<time_end><![CDATA[20151214103645]]></time_end>
<total_fee>100</total_fee>
<trade_type><![CDATA[JSAPI]]></trade_type>
<transaction_id><![CDATA[1005540192201512142073654152]]></transaction_id>
</xml>


执行日期：2015-12-14-10：36：46
【支付成功】:
<xml><appid><![CDATA[wx8673a1a183f6b3a6]]></appid>
<bank_type><![CDATA[CFT]]></bank_type>
<cash_fee><![CDATA[100]]></cash_fee>
<fee_type><![CDATA[CNY]]></fee_type>
<is_subscribe><![CDATA[Y]]></is_subscribe>
<mch_id><![CDATA[1243759102]]></mch_id>
<nonce_str><![CDATA[b0j688jecf1ep5nj5ndclk0aofvm4b3p]]></nonce_str>
<openid><![CDATA[otCX2s1rwDKzDJHEFiZcNeuKAcoo]]></openid>
<out_trade_no><![CDATA[20151214103606]]></out_trade_no>
<result_code><![CDATA[SUCCESS]]></result_code>
<return_code><![CDATA[SUCCESS]]></return_code>
<sign><![CDATA[352038B6664BC6C37B1B3B9F1C3C9F74]]></sign>
<time_end><![CDATA[20151214103645]]></time_end>
<total_fee>100</total_fee>
<trade_type><![CDATA[JSAPI]]></trade_type>
<transaction_id><![CDATA[1005540192201512142073654152]]></transaction_id>
</xml>


执行日期：2015-12-14-10：36：46
【支付成功】:支付成功啦啦啦！


